[20:24:14] [Render thread/INFO]: Environment: authHost='https://authserver.mojang.com', accountsHost='https://api.mojang.com', sessionHost='https://sessionserver.mojang.com', servicesHost='https://api.minecraftservices.com', name='PROD'
[20:24:14] [Render thread/INFO]: Setting user: night_942
[20:24:15] [Render thread/INFO]: Backend library: LWJGL version 3.2.2 build 10
[20:24:16] [Render thread/INFO]: Reloading ResourceManager: Default, §b§ltgk - @podvalsn1wers 1074.zip
[20:24:17] [Via-Mappingloader-0/INFO]: Loading block connection mappings ...
[20:24:17] [Render thread/INFO]: Loaded Platform ViaVersion
[20:24:17] [Render thread/INFO]: Loading translations...
[20:24:17] [Render thread/INFO]: Registering protocols...
[20:24:17] [Via-Mappingloader-0/INFO]: Using FastUtil Long2ObjectOpenHashMap for block connections
[20:24:17] [Render thread/INFO]: Loaded Platform ViaBackwards
[20:24:17] [Render thread/INFO]: ViaVersion detected lowest supported version by the proxy: 1.4.6/7 (51)
[20:24:17] [Render thread/INFO]: Highest supported version by the proxy: 1.20/1.20.1 (763)
[20:24:17] [Via Async Scheduler 0/INFO]: Finished mapping loading, shutting down loader executor!
[20:24:17] [Render thread/INFO]: [48;2;0;25;20m[38;2;0;255;200mZetrix.cc -> Initializing..[m
[20:24:17] [Via Async Task 1/WARN]: There is a newer plugin version available: 5.9.0, you're on: 4.7.1
[20:24:18] [Render thread/INFO]: [48;2;0;25;20m[38;2;0;255;200mZetrix.cc -> Start Zetrix.cc ms.[m
[20:24:28] [Render thread/INFO]: OpenAL initialized.
[20:24:28] [Render thread/INFO]: Sound engine started
[20:24:33] [Render thread/INFO]: [CHAT] [✾] Войдите в игру ⇝ /login <Пароль>
[20:24:34] [Render thread/INFO]: Environment: authHost='https://authserver.mojang.com', accountsHost='https://api.mojang.com', sessionHost='https://sessionserver.mojang.com', servicesHost='https://api.minecraftservices.com', name='PROD'
[20:24:34] [Render thread/WARN]: Unknown custom packed identifier: minecraft:register
[20:24:34] [Render thread/WARN]: Unknown custom packed identifier: minecraft:register
[20:24:34] [Render thread/WARN]: Unknown custom packed identifier: vv:server_details
[20:24:34] [Render thread/INFO]: Loaded 0 advancements
[20:24:38] [Render thread/INFO]: [CHAT] [✾] Войдите в игру ⇝ /login <Пароль>
[20:24:43] [Render thread/INFO]: [CHAT] [✾] Войдите в игру ⇝ /login <Пароль>
[20:24:48] [Render thread/INFO]: [CHAT] [✾] Войдите в игру ⇝ /login <Пароль>
[20:24:53] [Render thread/INFO]: [CHAT] [✾] Войдите в игру ⇝ /login <Пароль>
[20:24:58] [Render thread/INFO]: [CHAT] [✾] Войдите в игру ⇝ /login <Пароль>
[20:25:03] [Render thread/INFO]: [CHAT] [✾] Войдите в игру ⇝ /login <Пароль>
[20:25:03] [Render thread/INFO]: [CHAT] [✾] Вы ввели неправильный пароль!\n\n** Если Вас взломали, напишите\n** сюда: vk.com/vladyaso\n\n** Если Вы привязывали аккаунт к ВК или ТГ,\n** напишите боту /cp НИК НОВЫЙ-ПАРОЛЬ\n** ВК бот - vk.com/spookytimenet\n** ТГ бот - telegram.me/spookytimebot
[20:25:07] [Render thread/INFO]: [CHAT] [✾] Войдите в игру ⇝ /login <Пароль>
[20:25:07] [Render thread/INFO]: Environment: authHost='https://authserver.mojang.com', accountsHost='https://api.mojang.com', sessionHost='https://sessionserver.mojang.com', servicesHost='https://api.minecraftservices.com', name='PROD'
[20:25:07] [Render thread/WARN]: Unknown custom packed identifier: minecraft:register
[20:25:07] [Render thread/WARN]: Unknown custom packed identifier: minecraft:register
[20:25:07] [Render thread/WARN]: Unknown custom packed identifier: vv:server_details
[20:25:07] [Render thread/INFO]: Loaded 0 advancements
[20:25:10] [Render thread/INFO]: [CHAT] [✾] Успешная авторизация! Приятной игры!
[20:25:10] [Render thread/INFO]: Environment: authHost='https://authserver.mojang.com', accountsHost='https://api.mojang.com', sessionHost='https://sessionserver.mojang.com', servicesHost='https://api.minecraftservices.com', name='PROD'
[20:25:10] [Render thread/WARN]: Unknown custom packed identifier: minecraft:register
[20:25:10] [Render thread/WARN]: Unknown custom packed identifier: vv:server_details
[20:25:10] [Render thread/INFO]: [CHAT] ╔════ ★ SpookyTime.net ★ ════╗\n║ \n║  Добро пожаловать на SpookyTime\n║  Наши социальные сети — /links\n║  Приятной игры и новых побед!\n║ \n╚══════════════════════╝
[20:25:11] [Render thread/INFO]: Loaded 0 advancements
[20:25:12] [Render thread/INFO]: Environment: authHost='https://authserver.mojang.com', accountsHost='https://api.mojang.com', sessionHost='https://sessionserver.mojang.com', servicesHost='https://api.minecraftservices.com', name='PROD'
[20:25:12] [Render thread/INFO]: Environment: authHost='https://authserver.mojang.com', accountsHost='https://api.mojang.com', sessionHost='https://sessionserver.mojang.com', servicesHost='https://api.minecraftservices.com', name='PROD'
[20:25:12] [Render thread/WARN]: Unknown custom packed identifier: minecraft:register
[20:25:12] [Render thread/WARN]: Unknown custom packed identifier: vv:server_details
[20:25:12] [Render thread/INFO]: Loaded 0 advancements
[20:25:13] [Render thread/INFO]: [CHAT] ** ! Внимание !\n** Чтобы ваш Аккаунт был в БЕЗОПАСНОСТИ!\n** Привяжите его к ВК: /vk\n** Или к Телеграм: /tg\n\n** ! Внимание !\n** Чтобы ваш Аккаунт был в БЕЗОПАСНОСТИ!\n** Привяжите его к ВК: /vk\n** Или к Телеграм: /tg
[20:25:14] [Render thread/INFO]: [CHAT] ╔══════════════════════════════════\n║ > ❤ Игрок никскрыт купил 100.000 Токенов\n║ > Потратить их можно в /tshop!\n║ > Покупай и ты на сайте shop.SpookyTime.net\n╚══════════════════════════════════
[20:25:26] [Render thread/INFO]: [CHAT] [❌] Вы не можете драться в этом месте!
[20:25:26] [Render thread/INFO]: [CHAT] [❌] Вы не можете драться в этом месте!
[20:25:27] [Render thread/INFO]: [CHAT] [❌] Вы не можете драться в этом месте!
[20:25:27] [Render thread/INFO]: [CHAT] [❌] Вы не можете драться в этом месте!
[20:25:28] [Render thread/INFO]: [CHAT] [❌] Вы не можете драться в этом месте!
[20:25:28] [Render thread/INFO]: [CHAT] [❌] Вы не можете драться в этом месте!
[20:25:39] [Render thread/INFO]: [CHAT] [❌] Вы не можете драться в этом месте!
[20:25:39] [Render thread/INFO]: [CHAT] [❌] Вы не можете драться в этом месте!
[20:25:40] [Render thread/INFO]: [CHAT] [❌] Вы не можете драться в этом месте!
[20:25:40] [Render thread/INFO]: [CHAT] [❌] Вы не можете драться в этом месте!
[20:25:46] [Render thread/INFO]: [CHAT] [❌] Вы не можете драться в этом месте!
[20:25:46] [Render thread/INFO]: [CHAT] [❌] Вы не можете драться в этом месте!
[20:25:47] [Render thread/INFO]: [CHAT] [❌] Вы не можете драться в этом месте!
[20:25:48] [Render thread/INFO]: [CHAT] [❌] Вы не можете драться в этом месте!
[20:25:49] [Render thread/INFO]: [CHAT] [❌] Вы не можете драться в этом месте!
[20:25:49] [Render thread/INFO]: [CHAT] [❌] Вы не можете драться в этом месте!
[20:25:50] [Render thread/INFO]: [CHAT] [❌] Вы не можете драться в этом месте!
[20:25:50] [Render thread/INFO]: [CHAT] [❌] Вы не можете драться в этом месте!
[20:25:51] [Render thread/INFO]: [CHAT] [❌] Вы не можете драться в этом месте!
[20:25:52] [Render thread/INFO]: [CHAT] [❌] Вы не можете драться в этом месте!
[20:25:52] [Render thread/INFO]: [CHAT] [❌] Вы не можете драться в этом месте!
[20:25:55] [Render thread/INFO]: [CHAT] [❌] Вы не можете драться в этом месте!
[20:25:56] [Render thread/INFO]: [CHAT] [❌] Вы не можете драться в этом месте!
[20:25:56] [Render thread/INFO]: [CHAT] [❌] Вы не можете драться в этом месте!
[20:25:58] [Render thread/INFO]: [CHAT] [❌] Вы не можете драться в этом месте!
[20:25:59] [Render thread/INFO]: [CHAT] [❌] Вы не можете драться в этом месте!
[20:26:00] [Render thread/INFO]: [CHAT] [❌] Вы не можете драться в этом месте!
[20:26:00] [Render thread/INFO]: [CHAT] [❌] Вы не можете драться в этом месте!
[20:26:02] [Render thread/INFO]: [CHAT] [❌] Вы не можете драться в этом месте!
[20:26:02] [Render thread/INFO]: [CHAT] [❌] Вы не можете драться в этом месте!
[20:26:03] [Render thread/INFO]: [CHAT] [❌] Вы не можете драться в этом месте!
[20:26:04] [Render thread/INFO]: [CHAT] [❌] Вы не можете драться в этом месте!
[20:26:05] [Render thread/INFO]: [CHAT] Ⓖ <rest> [Герцог] §fgg67kl95 Бог ⇨ надо поговорить
[20:26:05] [Render thread/INFO]: [CHAT] [❌] Вы не можете драться в этом месте!
[20:26:06] [Render thread/INFO]: [CHAT] [❌] Вы не можете драться в этом месте!
[20:26:07] [Render thread/INFO]: [CHAT] [❌] Вы не можете драться в этом месте!
[20:26:07] [Render thread/INFO]: [CHAT] [❌] Вы не можете драться в этом месте!
[20:26:08] [Render thread/INFO]: [CHAT] [❌] Вы не можете драться в этом месте!
[20:26:08] [Render thread/INFO]: [CHAT] [❌] Вы не можете драться в этом месте!
[20:26:09] [Render thread/INFO]: [CHAT] [❌] Вы не можете драться в этом месте!
[20:26:10] [Render thread/INFO]: [CHAT] [❌] Вы не можете драться в этом месте!
[20:26:10] [Render thread/INFO]: [CHAT] [❌] Вы не можете драться в этом месте!
[20:26:12] [Render thread/INFO]: [CHAT] [❌] Вы не можете драться в этом месте!
[20:26:12] [Render thread/INFO]: [CHAT] Ⓖ [Принц] §fLinards333 ⇨ Хочешь тал КРУШИТЕЛЬ за 4кк? Жди 3O сek по и обновляй /ah Linаrds333., будет слит!
[20:26:13] [Render thread/INFO]: [CHAT] [❌] Вы не можете драться в этом месте!
[20:26:13] [Render thread/INFO]: [CHAT] [❌] Вы не можете драться в этом месте!
[20:26:14] [Render thread/INFO]: [CHAT] [❌] Вы не можете драться в этом месте!
[20:26:14] [Render thread/INFO]: [CHAT] [❌] Вы не можете драться в этом месте!
[20:26:16] [Render thread/INFO]: [CHAT] [❌] Вы не можете драться в этом месте!
[20:26:16] [Render thread/INFO]: [CHAT] [❌] Вы не можете драться в этом месте!
[20:26:17] [Render thread/INFO]: [CHAT] [❌] Вы не можете драться в этом месте!
[20:26:17] [Render thread/INFO]: [CHAT] [❌] Вы не можете драться в этом месте!
[20:26:18] [Render thread/INFO]: [CHAT] [❌] Вы не можете драться в этом месте!
[20:26:19] [Render thread/INFO]: [CHAT] [❌] Вы не можете драться в этом месте!
[20:26:19] [Render thread/INFO]: [CHAT] [❌] Вы не можете драться в этом месте!
[20:26:20] [Render thread/INFO]: [CHAT] [❌] Вы не можете драться в этом месте!
[20:26:20] [Render thread/INFO]: [CHAT] [❌] Вы не можете драться в этом месте!
[20:26:21] [Render thread/INFO]: [CHAT] [❌] Вы не можете драться в этом месте!
[20:26:22] [Render thread/INFO]: [CHAT] [❌] Вы не можете драться в этом месте!
[20:26:24] [Render thread/INFO]: [CHAT] [❌] Вы не можете драться в этом месте!
[20:26:25] [Render thread/INFO]: [CHAT] Ⓖ [Игрок] §foleg3k1432 ⇨  q гост
[20:26:25] [Render thread/INFO]: [CHAT] [❌] Вы не можете драться в этом месте!
[20:26:26] [Render thread/INFO]: [CHAT] [❌] Вы не можете драться в этом месте!
[20:26:26] [Render thread/INFO]: [CHAT] [❌] Вы не можете драться в этом месте!
[20:26:27] [Render thread/INFO]: [CHAT] [❌] Вы не можете драться в этом месте!
[20:26:28] [Render thread/INFO]: [CHAT] [❌] Вы не можете драться в этом месте!
[20:26:28] [Render thread/INFO]: [CHAT] [❌] Вы не можете драться в этом месте!
[20:26:29] [Render thread/INFO]: [CHAT] [❌] Вы не можете драться в этом месте!
[20:26:29] [Render thread/INFO]: [CHAT] [❌] Вы не можете драться в этом месте!
[20:26:30] [Render thread/INFO]: [CHAT] [❌] Вы не можете драться в этом месте!
[20:26:30] [Render thread/INFO]: [CHAT] Ⓖ <AMFteam> ﴾Принц﴿ §6_ghost_by_pvp2 Тян ⇨ ку
[20:26:31] [Render thread/INFO]: [CHAT] Ⓖ <bobik> [Элита] §fwirysssss Бог ⇨  q oleg
[20:26:34] [Render thread/INFO]: [CHAT] Ⓖ <AMFteam> ﴾Принц﴿ §6_ghost_by_pvp2 Тян ⇨ че не с основы
[20:26:41] [Render thread/INFO]: [CHAT] Ⓖ <bobik> [Элита] §fwirysssss Бог ⇨  ему забанили
[20:26:48] [Render thread/INFO]: [CHAT] Ⓖ <AMFteam> ﴾Принц﴿ §6_ghost_by_pvp2 Тян ⇨ /
[20:26:59] [Render thread/INFO]: [CHAT] Ⓖ <rest> [Герцог] §fgg67kl95 Бог ⇨ алл где антон?
[20:27:01] [Render thread/INFO]: [CHAT] ╔
[20:27:01] [Render thread/INFO]: [CHAT] ╠ Берегите свои аккаунты!
[20:27:01] [Render thread/INFO]: [CHAT] ╠ Избегайте серверов с цифровым IP,
[20:27:01] [Render thread/INFO]: [CHAT] ╠ если вы туда зайдёте - вас взломают.
[20:27:01] [Render thread/INFO]: [CHAT] ╠ Это просто фейковый сервер взломщика,
[20:27:01] [Render thread/INFO]: [CHAT] ╠ он видит всё что вы там пишите.
[20:27:01] [Render thread/INFO]: [CHAT] ╠ Привяжите аккаунты для вашей безопасности.
[20:27:01] [Render thread/INFO]: [CHAT] ╠ Подробности: /vk [Кликай]
[20:27:01] [Render thread/INFO]: [CHAT] ╠ Подробности: /tg [Кликай]
[20:27:01] [Render thread/INFO]: [CHAT] ╚
[20:27:41] [Render thread/INFO]: [CHAT] ╔═════════════════════════════\n║ > ❤ Игрок никскрыт купил 10.000 Токенов\n║ > Покупай и ты на сайте shop.SpookyTime.net\n╚═════════════════════════════
[20:29:01] [Render thread/INFO]: [CHAT] ╔
[20:29:01] [Render thread/INFO]: [CHAT] ╠ Конкурс с призами: Реальные деньги; Донаты;
[20:29:01] [Render thread/INFO]: [CHAT] ╠ Токены; Кейсы; Биржа баланс;
[20:29:01] [Render thread/INFO]: [CHAT] ╠ Который проходит каждый вайп:
[20:29:01] [Render thread/INFO]: [CHAT] ╠ Информация - /fortuna
[20:29:01] [Render thread/INFO]: [CHAT] ╚
[20:29:19] [Render thread/INFO]: Stopping!
